#
# A fatal error has been detected by the Java Runtime Environment:
#
#  EXCEPTION_ACCESS_VIOLATION (0xc0000005) at pc=0x00007ff92ac4af3b, pid=4400, tid=5348
#
# JRE version: OpenJDK Runtime Environment (11.0.4+11) (build 11.0.4+11)
# Java VM: OpenJDK 64-Bit Server VM (11.0.4+11, mixed mode, tiered, compressed oops, g1 gc, windows-amd64)
# Problematic frame:
# V  [jvm.dll+0x58af3b]
#
# No core dump will be written. Minidumps are not enabled by default on client versions of Windows
#
# If you would like to submit a bug report, please visit:
#   https://github.com/AdoptOpenJDK/openjdk-build/issues
#

---------------  S U M M A R Y ------------

Command Line: -Dfile.encoding=UTF-8 -agentpath:C:/Program Files/NetBeans 11.0/profiler/lib/deployed/jdk16/windows-amd64/profilerinterface.dll=C:\Program Files\NetBeans 11.0\profiler\lib,5140,10 -XX:+HeapDumpOnOutOfMemoryError -XX:HeapDumpPath=G:\proyectos personales\01-AdivinaElNumero\nbproject\private\profiler org.naka.java.main.Main

Host: Intel(R) Core(TM) i3-4160 CPU @ 3.60GHz, 4 cores, 7G,  Windows 10 , 64 bit Build 17134 (10.0.17134.753)
Time: Wed Oct 16 11:48:27 2019 Hora de verano romance elapsed time: 2 seconds (0d 0h 0m 2s)

---------------  T H R E A D  ---------------

Current thread (0x0000023e2063e800):  JavaThread "*** Profiler Agent Communication Thread" daemon [_thread_in_vm, id=5348, stack(0x0000009239500000,0x0000009239600000)]

Stack: [0x0000009239500000,0x0000009239600000],  sp=0x00000092395fedd0,  free space=1019k
Native frames: (J=compiled Java code, j=interpreted, Vv=VM code, C=native code)
V  [jvm.dll+0x58af3b]
V  [jvm.dll+0x465810]
C  [profilerinterface.dll+0x34da]

Java frames: (J=compiled Java code, j=interpreted, Vv=VM code)
j  org.netbeans.lib.profiler.server.system.Stacks.getMethodNamesForJMethodIds(I[I[I)[B+0
j  org.netbeans.lib.profiler.server.ProfilerInterface.getMethodNamesForJMethodIds([I)Lorg/netbeans/lib/profiler/wireprotocol/MethodNamesResponse;+20
j  org.netbeans.lib.profiler.server.ProfilerServer.handleClientCommand(Lorg/netbeans/lib/profiler/wireprotocol/Command;)V+691
j  org.netbeans.lib.profiler.server.ProfilerServer.listenToClient()V+48
j  org.netbeans.lib.profiler.server.ProfilerServer.run()V+22
v  ~StubRoutines::call_stub

siginfo: EXCEPTION_ACCESS_VIOLATION (0xc0000005), reading address 0x00000000212fd800


Register to memory mapping:

RIP=0x00007ff92ac4af3b jvm.dll
RAX=0x00000092395fee01 is pointing into the stack for thread: 0x0000023e2063e800
RBX=0x00000092395feef0 is pointing into the stack for thread: 0x0000023e2063e800
RCX=0x00000000212fd800 is an unknown value
RDX=0x0000023e2063e800 is a thread
RSP=0x00000092395fedd0 is pointing into the stack for thread: 0x0000023e2063e800
RBP=0x00000000212fd800 is an unknown value
RSI=0x0000023e7f1f6170 points into unknown readable memory: e0 51 05 2b f9 7f 00 00
RDI=0x0000023e2063e800 is a thread
R8 =0x00000092395feef0 is pointing into the stack for thread: 0x0000023e2063e800
R9 =0x0000000000000031 is an unknown value
R10=0x0000023e7f7d0000 points into unknown readable memory: 00 00 00 00 00 00 00 00
R11=0x00000092395fedc8 is pointing into the stack for thread: 0x0000023e2063e800
R12=0x0000023e20d90950 points into unknown readable memory: 00 d8 2f 21 10 d8 2f 21
R13=0x0000000000000030 is an unknown value
R14=0x00007ff970c29c68 profilerinterface.dll
R15=0x00007ff970c29a60 profilerinterface.dll


Registers:
RAX=0x00000092395fee01, RBX=0x00000092395feef0, RCX=0x00000000212fd800, RDX=0x0000023e2063e800
RSP=0x00000092395fedd0, RBP=0x00000000212fd800, RSI=0x0000023e7f1f6170, RDI=0x0000023e2063e800
R8 =0x00000092395feef0, R9 =0x0000000000000031, R10=0x0000023e7f7d0000, R11=0x00000092395fedc8
R12=0x0000023e20d90950, R13=0x0000000000000030, R14=0x00007ff970c29c68, R15=0x00007ff970c29a60
RIP=0x00007ff92ac4af3b, EFLAGS=0x0000000000010206

Top of Stack: (sp=0x00000092395fedd0)
0x00000092395fedd0:   0000000000000030 0000000000000000
0x00000092395fede0:   0000023e2063e800 00000092395fefa8
0x00000092395fedf0:   00000092395feef0 00007ff92ab25810
0x00000092395fee00:   00000092395feef0 00000092395feef0
0x00000092395fee10:   0000023e2063eb40 00007ff973cb9960
0x00000092395fee20:   0000023e2063e800 0000000000000000
0x00000092395fee30:   0000023e00000000 0000000000000000
0x00000092395fee40:   0000000000200021 00007ff970c234da
0x00000092395fee50:   0000023e2063e800 00000000212fd800
0x00000092395fee60:   0000000000000000 0000023e2063eb40
0x00000092395fee70:   0000023e20d90950 0000023e2063e800
0x00000092395fee80:   0000000000200021 0000023e09a9b6ed
0x00000092395fee90:   0000023e218ebdf8 0000023e2063e800
0x00000092395feea0:   0000023e09a59910 0000000000200021
0x00000092395feeb0:   0000023e2063e800 0000023e218ebdf8
0x00000092395feec0:   0000000000000000 0000023e09a59910 

Instructions: (pc=0x00007ff92ac4af3b)
0x00007ff92ac4ae3b:   c6 05 1f ac 45 00 01 eb 61 48 8b 54 24 20 45 33
0x00007ff92ac4ae4b:   c0 48 8b 05 9d 3e 41 00 48 83 c2 18 48 8b ce ff
0x00007ff92ac4ae5b:   d0 48 85 c0 74 20 48 8b 44 24 20 48 8b d6 48 8b
0x00007ff92ac4ae6b:   48 08 48 8b 41 08 48 8b 48 18 48 8b 89 98 00 00
0x00007ff92ac4ae7b:   00 e8 2f f7 ff ff 38 1d 02 e4 45 00 74 13 48 8b
0x00007ff92ac4ae8b:   4c 24 20 48 8b d7 e8 4a 2b 00 00 48 39 5f 08 75
0x00007ff92ac4ae9b:   09 48 8b 44 24 20 48 8b 58 18 48 8d 4c 24 20 e8
0x00007ff92ac4aeab:   61 00 da ff 48 8b 74 24 48 48 8b c3 48 8b 5c 24
0x00007ff92ac4aebb:   40 48 83 c4 30 5f c3 cc cc cc cc cc cc cc cc cc
0x00007ff92ac4aecb:   cc cc cc cc cc 48 8b 51 08 4c 8b c1 48 8b 42 08
0x00007ff92ac4aedb:   0f b6 52 24 c0 ea 06 48 8b 48 18 8b 81 a4 00 00
0x00007ff92ac4aeeb:   00 f6 c2 01 75 27 48 85 c9 74 14 8b c8 c1 e9 09
0x00007ff92ac4aefb:   f6 c1 01 74 0a 41 f7 40 20 02 04 00 00 74 0e 41
0x00007ff92ac4af0b:   8b 48 20 0b c8 f6 c1 10 74 03 b0 01 c3 41 83 78
0x00007ff92ac4af1b:   24 fe 0f 94 c0 c3 cc cc cc cc cc cc cc cc cc cc
0x00007ff92ac4af2b:   cc cc cc cc cc 40 53 48 83 ec 20 48 85 c9 74 24
0x00007ff92ac4af3b:   48 8b 19 48 85 db 74 1c 48 83 fb 37 74 16 48 8b
0x00007ff92ac4af4b:   13 48 8b cb ff 52 10 84 c0 74 09 48 8b c3 48 83
0x00007ff92ac4af5b:   c4 20 5b c3 33 c0 48 83 c4 20 5b c3 cc cc cc cc
0x00007ff92ac4af6b:   cc cc cc cc cc 40 53 55 41 56 41 57 48 83 ec 28
0x00007ff92ac4af7b:   48 8b 41 08 33 ed 4c 8b f1 48 8b 50 08 4c 8b 7a
0x00007ff92ac4af8b:   18 49 8b 9f 70 01 00 00 48 85 db 0f 84 d5 00 00
0x00007ff92ac4af9b:   00 8b 15 6a 9a 49 00 65 48 8b 04 25 58 00 00 00
0x00007ff92ac4afab:   48 89 74 24 50 4c 89 64 24 60 4c 89 6c 24 20 41
0x00007ff92ac4afbb:   bd ff ff 00 00 4c 8d 24 d0 41 b8 08 00 00 00 48
0x00007ff92ac4afcb:   89 7c 24 58 90 49 8b 56 08 48 8b 73 10 0f b7 42
0x00007ff92ac4afdb:   2a 66 39 43 08 75 6c 0f b7 42 2c 66 39 43 0a 75
0x00007ff92ac4afeb:   62 48 63 4b 04 0f b6 03 88 44 11 38 49 8b 04 24
0x00007ff92ac4affb:   41 8b c8 48 8b 3c 01 49 8b ce 48 8b d7 e8 c3 79
0x00007ff92ac4b00b:   c1 ff 48 83 7f 08 00 75 0a 48 85 c0 74 05 66 44
0x00007ff92ac4b01b:   01 68 16 48 85 ed 74 14 48 8b cb 48 89 75 10 e8
0x00007ff92ac4b02b:   21 5d b2 ff 41 b8 08 00 00 00 eb 1a 48 8b cb 49 


Stack slot to memory mapping:
stack at sp + 0 slots: 0x0000000000000030 is an unknown value
stack at sp + 1 slots: 0x0 is NULL
stack at sp + 2 slots: 0x0000023e2063e800 is a thread
stack at sp + 3 slots: 0x00000092395fefa8 is pointing into the stack for thread: 0x0000023e2063e800
stack at sp + 4 slots: 0x00000092395feef0 is pointing into the stack for thread: 0x0000023e2063e800
stack at sp + 5 slots: 0x00007ff92ab25810 jvm.dll
stack at sp + 6 slots: 0x00000092395feef0 is pointing into the stack for thread: 0x0000023e2063e800
stack at sp + 7 slots: 0x00000092395feef0 is pointing into the stack for thread: 0x0000023e2063e800


---------------  P R O C E S S  ---------------

Threads class SMR info:
_java_thread_list=0x0000023e212a48f0, length=14, elements={
0x0000023e0143d000, 0x0000023e1fa88000, 0x0000023e1fa92000, 0x0000023e1faac000,
0x0000023e1faad800, 0x0000023e1faae800, 0x0000023e20422800, 0x0000023e20478000,
0x0000023e20592000, 0x0000023e2063e800, 0x0000023e206e4000, 0x0000023e206e7000,
0x0000023e212d8000, 0x0000023e21329800
}

Java Threads: ( => current thread )
  0x0000023e0143d000 JavaThread "main" [_thread_in_native, id=6184, stack(0x0000009238600000,0x0000009238700000)]
  0x0000023e1fa88000 JavaThread "Reference Handler" daemon [_thread_blocked, id=3272, stack(0x0000009238d00000,0x0000009238e00000)]
  0x0000023e1fa92000 JavaThread "Finalizer" daemon [_thread_blocked, id=1096, stack(0x0000009238e00000,0x0000009238f00000)]
  0x0000023e1faac000 JavaThread "Signal Dispatcher" daemon [_thread_blocked, id=4984, stack(0x0000009238f00000,0x0000009239000000)]
  0x0000023e1faad800 JavaThread "Attach Listener" daemon [_thread_blocked, id=6388, stack(0x0000009239000000,0x0000009239100000)]
  0x0000023e1faae800 JavaThread "C2 CompilerThread0" daemon [_thread_blocked, id=3708, stack(0x0000009239100000,0x0000009239200000)]
  0x0000023e20422800 JavaThread "C1 CompilerThread0" daemon [_thread_blocked, id=9796, stack(0x0000009239200000,0x0000009239300000)]
  0x0000023e20478000 JavaThread "Sweeper thread" daemon [_thread_blocked, id=1428, stack(0x0000009239300000,0x0000009239400000)]
  0x0000023e20592000 JavaThread "Common-Cleaner" daemon [_thread_blocked, id=6324, stack(0x0000009239400000,0x0000009239500000)]
=>0x0000023e2063e800 JavaThread "*** Profiler Agent Communication Thread" daemon [_thread_in_vm, id=5348, stack(0x0000009239500000,0x0000009239600000)]
  0x0000023e206e4000 JavaThread "*** JFluid Monitor thread ***" daemon [_thread_blocked, id=3640, stack(0x0000009239600000,0x0000009239700000)]
  0x0000023e206e7000 JavaThread "*** Profiler Agent Special Execution Thread 6" daemon [_thread_blocked, id=6552, stack(0x0000009239700000,0x0000009239800000)]
  0x0000023e212d8000 JavaThread "*** Profiler Agent Special Execution Thread 10" daemon [_thread_blocked, id=9904, stack(0x0000009239900000,0x0000009239a00000)]
  0x0000023e21329800 JavaThread "Service Thread" daemon [_thread_blocked, id=8444, stack(0x0000009239800000,0x0000009239900000)]

Other Threads:
  0x0000023e1fa62000 VMThread "VM Thread" [stack: 0x0000009238c00000,0x0000009238d00000] [id=5780]
  0x0000023e212ce800 WatcherThread [stack: 0x0000009239a00000,0x0000009239b00000] [id=6608]
  0x0000023e01453800 GCTaskThread "GC Thread#0" [stack: 0x0000009238700000,0x0000009238800000] [id=3132]
  0x0000023e01484800 ConcurrentGCThread "G1 Main Marker" [stack: 0x0000009238800000,0x0000009238900000] [id=3660]
  0x0000023e01487000 ConcurrentGCThread "G1 Conc#0" [stack: 0x0000009238900000,0x0000009238a00000] [id=6644]
  0x0000023e1f8d0800 ConcurrentGCThread "G1 Refine#0" [stack: 0x0000009238a00000,0x0000009238b00000] [id=216]
  0x0000023e1f8d1800 ConcurrentGCThread "G1 Young RemSet Sampling" [stack: 0x0000009238b00000,0x0000009238c00000] [id=5192]

Threads with active compile tasks:

VM state:synchronizing (normal execution)

VM Mutex/Monitor currently owned by a thread:  ([mutex/lock_event])
[0x0000023e01439cd0] Threads_lock - owner thread: 0x0000023e1fa62000

Heap address: 0x0000000081a00000, size: 2022 MB, Compressed Oops mode: 32-bit
Narrow klass base: 0x0000000000000000, Narrow klass shift: 3
Compressed class space size: 1073741824 Address: 0x0000000100000000

Heap:
 garbage-first heap   total 131072K, used 9216K [0x0000000081a00000, 0x0000000100000000)
  region size 1024K, 8 young (8192K), 0 survivors (0K)
 Metaspace       used 12502K, capacity 12796K, committed 12928K, reserved 1060864K
  class space    used 1237K, capacity 1333K, committed 1408K, reserved 1048576K
Heap Regions: E=young(eden), S=young(survivor), O=old, HS=humongous(starts), HC=humongous(continues), CS=collection set, F=free, A=archive, TAMS=top-at-mark-start (previous, next)
|   0|0x0000000081a00000, 0x0000000081b00000, 0x0000000081b00000|100%|HS|  |TAMS 0x0000000081a00000, 0x0000000081a00000| Complete 
|   1|0x0000000081b00000, 0x0000000081c00000, 0x0000000081c00000|100%|HC|  |TAMS 0x0000000081b00000, 0x0000000081b00000| Complete 
|   2|0x0000000081c00000, 0x0000000081c00000, 0x0000000081d00000|  0%| F|  |TAMS 0x0000000081c00000, 0x0000000081c00000| Untracked 
|   3|0x0000000081d00000, 0x0000000081d00000, 0x0000000081e00000|  0%| F|  |TAMS 0x0000000081d00000, 0x0000000081d00000| Untracked 
|   4|0x0000000081e00000, 0x0000000081e00000, 0x0000000081f00000|  0%| F|  |TAMS 0x0000000081e00000, 0x0000000081e00000| Untracked 
|   5|0x0000000081f00000, 0x0000000081f00000, 0x0000000082000000|  0%| F|  |TAMS 0x0000000081f00000, 0x0000000081f00000| Untracked 
|   6|0x0000000082000000, 0x0000000082000000, 0x0000000082100000|  0%| F|  |TAMS 0x0000000082000000, 0x0000000082000000| Untracked 
|   7|0x0000000082100000, 0x0000000082100000, 0x0000000082200000|  0%| F|  |TAMS 0x0000000082100000, 0x0000000082100000| Untracked 
|   8|0x0000000082200000, 0x0000000082200000, 0x0000000082300000|  0%| F|  |TAMS 0x0000000082200000, 0x0000000082200000| Untracked 
|   9|0x0000000082300000, 0x0000000082300000, 0x0000000082400000|  0%| F|  |TAMS 0x0000000082300000, 0x0000000082300000| Untracked 
|  10|0x0000000082400000, 0x0000000082400000, 0x0000000082500000|  0%| F|  |TAMS 0x0000000082400000, 0x0000000082400000| Untracked 
|  11|0x0000000082500000, 0x0000000082500000, 0x0000000082600000|  0%| F|  |TAMS 0x0000000082500000, 0x0000000082500000| Untracked 
|  12|0x0000000082600000, 0x0000000082600000, 0x0000000082700000|  0%| F|  |TAMS 0x0000000082600000, 0x0000000082600000| Untracked 
|  13|0x0000000082700000, 0x0000000082700000, 0x0000000082800000|  0%| F|  |TAMS 0x0000000082700000, 0x0000000082700000| Untracked 
|  14|0x0000000082800000, 0x0000000082800000, 0x0000000082900000|  0%| F|  |TAMS 0x0000000082800000, 0x0000000082800000| Untracked 
|  15|0x0000000082900000, 0x0000000082900000, 0x0000000082a00000|  0%| F|  |TAMS 0x0000000082900000, 0x0000000082900000| Untracked 
|  16|0x0000000082a00000, 0x0000000082a00000, 0x0000000082b00000|  0%| F|  |TAMS 0x0000000082a00000, 0x0000000082a00000| Untracked 
|  17|0x0000000082b00000, 0x0000000082b00000, 0x0000000082c00000|  0%| F|  |TAMS 0x0000000082b00000, 0x0000000082b00000| Untracked 
|  18|0x0000000082c00000, 0x0000000082c00000, 0x0000000082d00000|  0%| F|  |TAMS 0x0000000082c00000, 0x0000000082c00000| Untracked 
|  19|0x0000000082d00000, 0x0000000082d00000, 0x0000000082e00000|  0%| F|  |TAMS 0x0000000082d00000, 0x0000000082d00000| Untracked 
|  20|0x0000000082e00000, 0x0000000082e00000, 0x0000000082f00000|  0%| F|  |TAMS 0x0000000082e00000, 0x0000000082e00000| Untracked 
|  21|0x0000000082f00000, 0x0000000082f00000, 0x0000000083000000|  0%| F|  |TAMS 0x0000000082f00000, 0x0000000082f00000| Untracked 
|  22|0x0000000083000000, 0x0000000083000000, 0x0000000083100000|  0%| F|  |TAMS 0x0000000083000000, 0x0000000083000000| Untracked 
|  23|0x0000000083100000, 0x0000000083100000, 0x0000000083200000|  0%| F|  |TAMS 0x0000000083100000, 0x0000000083100000| Untracked 
|  24|0x0000000083200000, 0x0000000083200000, 0x0000000083300000|  0%| F|  |TAMS 0x0000000083200000, 0x0000000083200000| Untracked 
|  25|0x0000000083300000, 0x0000000083300000, 0x0000000083400000|  0%| F|  |TAMS 0x0000000083300000, 0x0000000083300000| Untracked 
|  26|0x0000000083400000, 0x0000000083400000, 0x0000000083500000|  0%| F|  |TAMS 0x0000000083400000, 0x0000000083400000| Untracked 
|  27|0x0000000083500000, 0x0000000083500000, 0x0000000083600000|  0%| F|  |TAMS 0x0000000083500000, 0x0000000083500000| Untracked 
|  28|0x0000000083600000, 0x0000000083600000, 0x0000000083700000|  0%| F|  |TAMS 0x0000000083600000, 0x0000000083600000| Untracked 
|  29|0x0000000083700000, 0x0000000083700000, 0x0000000083800000|  0%| F|  |TAMS 0x0000000083700000, 0x0000000083700000| Untracked 
|  30|0x0000000083800000, 0x0000000083800000, 0x0000000083900000|  0%| F|  |TAMS 0x0000000083800000, 0x0000000083800000| Untracked 
|  31|0x0000000083900000, 0x0000000083900000, 0x0000000083a00000|  0%| F|  |TAMS 0x0000000083900000, 0x0000000083900000| Untracked 
|  32|0x0000000083a00000, 0x0000000083a00000, 0x0000000083b00000|  0%| F|  |TAMS 0x0000000083a00000, 0x0000000083a00000| Untracked 
|  33|0x0000000083b00000, 0x0000000083b00000, 0x0000000083c00000|  0%| F|  |TAMS 0x0000000083b00000, 0x0000000083b00000| Untracked 
|  34|0x0000000083c00000, 0x0000000083c00000, 0x0000000083d00000|  0%| F|  |TAMS 0x0000000083c00000, 0x0000000083c00000| Untracked 
|  35|0x0000000083d00000, 0x0000000083d00000, 0x0000000083e00000|  0%| F|  |TAMS 0x0000000083d00000, 0x0000000083d00000| Untracked 
|  36|0x0000000083e00000, 0x0000000083e00000, 0x0000000083f00000|  0%| F|  |TAMS 0x0000000083e00000, 0x0000000083e00000| Untracked 
|  37|0x0000000083f00000, 0x0000000083f00000, 0x0000000084000000|  0%| F|  |TAMS 0x0000000083f00000, 0x0000000083f00000| Untracked 
|  38|0x0000000084000000, 0x0000000084000000, 0x0000000084100000|  0%| F|  |TAMS 0x0000000084000000, 0x0000000084000000| Untracked 
|  39|0x0000000084100000, 0x0000000084100000, 0x0000000084200000|  0%| F|  |TAMS 0x0000000084100000, 0x0000000084100000| Untracked 
|  40|0x0000000084200000, 0x0000000084200000, 0x0000000084300000|  0%| F|  |TAMS 0x0000000084200000, 0x0000000084200000| Untracked 
|  41|0x0000000084300000, 0x0000000084300000, 0x0000000084400000|  0%| F|  |TAMS 0x0000000084300000, 0x0000000084300000| Untracked 
|  42|0x0000000084400000, 0x0000000084400000, 0x0000000084500000|  0%| F|  |TAMS 0x0000000084400000, 0x0000000084400000| Untracked 
|  43|0x0000000084500000, 0x0000000084500000, 0x0000000084600000|  0%| F|  |TAMS 0x0000000084500000, 0x0000000084500000| Untracked 
|  44|0x0000000084600000, 0x0000000084600000, 0x0000000084700000|  0%| F|  |TAMS 0x0000000084600000, 0x0000000084600000| Untracked 
|  45|0x0000000084700000, 0x0000000084700000, 0x0000000084800000|  0%| F|  |TAMS 0x0000000084700000, 0x0000000084700000| Untracked 
|  46|0x0000000084800000, 0x0000000084800000, 0x0000000084900000|  0%| F|  |TAMS 0x0000000084800000, 0x0000000084800000| Untracked 
|  47|0x0000000084900000, 0x0000000084900000, 0x0000000084a00000|  0%| F|  |TAMS 0x0000000084900000, 0x0000000084900000| Untracked 
|  48|0x0000000084a00000, 0x0000000084a00000, 0x0000000084b00000|  0%| F|  |TAMS 0x0000000084a00000, 0x0000000084a00000| Untracked 
|  49|0x0000000084b00000, 0x0000000084b00000, 0x0000000084c00000|  0%| F|  |TAMS 0x0000000084b00000, 0x0000000084b00000| Untracked 
|  50|0x0000000084c00000, 0x0000000084c00000, 0x0000000084d00000|  0%| F|  |TAMS 0x0000000084c00000, 0x0000000084c00000| Untracked 
|  51|0x0000000084d00000, 0x0000000084d00000, 0x0000000084e00000|  0%| F|  |TAMS 0x0000000084d00000, 0x0000000084d00000| Untracked 
|  52|0x0000000084e00000, 0x0000000084e00000, 0x0000000084f00000|  0%| F|  |TAMS 0x0000000084e00000, 0x0000000084e00000| Untracked 
|  53|0x0000000084f00000, 0x0000000084f00000, 0x0000000085000000|  0%| F|  |TAMS 0x0000000084f00000, 0x0000000084f00000| Untracked 
|  54|0x0000000085000000, 0x0000000085000000, 0x0000000085100000|  0%| F|  |TAMS 0x0000000085000000, 0x0000000085000000| Untracked 
|  55|0x0000000085100000, 0x0000000085100000, 0x0000000085200000|  0%| F|  |TAMS 0x0000000085100000, 0x0000000085100000| Untracked 
|  56|0x0000000085200000, 0x0000000085200000, 0x0000000085300000|  0%| F|  |TAMS 0x0000000085200000, 0x0000000085200000| Untracked 
|  57|0x0000000085300000, 0x0000000085300000, 0x0000000085400000|  0%| F|  |TAMS 0x0000000085300000, 0x0000000085300000| Untracked 
|  58|0x0000000085400000, 0x0000000085400000, 0x0000000085500000|  0%| F|  |TAMS 0x0000000085400000, 0x0000000085400000| Untracked 
|  59|0x0000000085500000, 0x0000000085500000, 0x0000000085600000|  0%| F|  |TAMS 0x0000000085500000, 0x0000000085500000| Untracked 
|  60|0x0000000085600000, 0x0000000085600000, 0x0000000085700000|  0%| F|  |TAMS 0x0000000085600000, 0x0000000085600000| Untracked 
|  61|0x0000000085700000, 0x0000000085700000, 0x0000000085800000|  0%| F|  |TAMS 0x0000000085700000, 0x0000000085700000| Untracked 
|  62|0x0000000085800000, 0x0000000085800000, 0x0000000085900000|  0%| F|  |TAMS 0x0000000085800000, 0x0000000085800000| Untracked 
|  63|0x0000000085900000, 0x0000000085900000, 0x0000000085a00000|  0%| F|  |TAMS 0x0000000085900000, 0x0000000085900000| Untracked 
|  64|0x0000000085a00000, 0x0000000085a00000, 0x0000000085b00000|  0%| F|  |TAMS 0x0000000085a00000, 0x0000000085a00000| Untracked 
|  65|0x0000000085b00000, 0x0000000085b00000, 0x0000000085c00000|  0%| F|  |TAMS 0x0000000085b00000, 0x0000000085b00000| Untracked 
|  66|0x0000000085c00000, 0x0000000085c00000, 0x0000000085d00000|  0%| F|  |TAMS 0x0000000085c00000, 0x0000000085c00000| Untracked 
|  67|0x0000000085d00000, 0x0000000085d00000, 0x0000000085e00000|  0%| F|  |TAMS 0x0000000085d00000, 0x0000000085d00000| Untracked 
|  68|0x0000000085e00000, 0x0000000085e00000, 0x0000000085f00000|  0%| F|  |TAMS 0x0000000085e00000, 0x0000000085e00000| Untracked 
|  69|0x0000000085f00000, 0x0000000085f00000, 0x0000000086000000|  0%| F|  |TAMS 0x0000000085f00000, 0x0000000085f00000| Untracked 
|  70|0x0000000086000000, 0x0000000086000000, 0x0000000086100000|  0%| F|  |TAMS 0x0000000086000000, 0x0000000086000000| Untracked 
|  71|0x0000000086100000, 0x0000000086100000, 0x0000000086200000|  0%| F|  |TAMS 0x0000000086100000, 0x0000000086100000| Untracked 
|  72|0x0000000086200000, 0x0000000086200000, 0x0000000086300000|  0%| F|  |TAMS 0x0000000086200000, 0x0000000086200000| Untracked 
|  73|0x0000000086300000, 0x0000000086300000, 0x0000000086400000|  0%| F|  |TAMS 0x0000000086300000, 0x0000000086300000| Untracked 
|  74|0x0000000086400000, 0x0000000086400000, 0x0000000086500000|  0%| F|  |TAMS 0x0000000086400000, 0x0000000086400000| Untracked 
|  75|0x0000000086500000, 0x0000000086500000, 0x0000000086600000|  0%| F|  |TAMS 0x0000000086500000, 0x0000000086500000| Untracked 
|  76|0x0000000086600000, 0x0000000086600000, 0x0000000086700000|  0%| F|  |TAMS 0x0000000086600000, 0x0000000086600000| Untracked 
|  77|0x0000000086700000, 0x0000000086700000, 0x0000000086800000|  0%| F|  |TAMS 0x0000000086700000, 0x0000000086700000| Untracked 
|  78|0x0000000086800000, 0x0000000086800000, 0x0000000086900000|  0%| F|  |TAMS 0x0000000086800000, 0x0000000086800000| Untracked 
|  79|0x0000000086900000, 0x0000000086900000, 0x0000000086a00000|  0%| F|  |TAMS 0x0000000086900000, 0x0000000086900000| Untracked 
|  80|0x0000000086a00000, 0x0000000086a00000, 0x0000000086b00000|  0%| F|  |TAMS 0x0000000086a00000, 0x0000000086a00000| Untracked 
|  81|0x0000000086b00000, 0x0000000086b00000, 0x0000000086c00000|  0%| F|  |TAMS 0x0000000086b00000, 0x0000000086b00000| Untracked 
|  82|0x0000000086c00000, 0x0000000086c00000, 0x0000000086d00000|  0%| F|  |TAMS 0x0000000086c00000, 0x0000000086c00000| Untracked 
|  83|0x0000000086d00000, 0x0000000086d00000, 0x0000000086e00000|  0%| F|  |TAMS 0x0000000086d00000, 0x0000000086d00000| Untracked 
|  84|0x0000000086e00000, 0x0000000086e00000, 0x0000000086f00000|  0%| F|  |TAMS 0x0000000086e00000, 0x0000000086e00000| Untracked 
|  85|0x0000000086f00000, 0x0000000086f00000, 0x0000000087000000|  0%| F|  |TAMS 0x0000000086f00000, 0x0000000086f00000| Untracked 
|  86|0x0000000087000000, 0x0000000087000000, 0x0000000087100000|  0%| F|  |TAMS 0x0000000087000000, 0x0000000087000000| Untracked 
|  87|0x0000000087100000, 0x0000000087100000, 0x0000000087200000|  0%| F|  |TAMS 0x0000000087100000, 0x0000000087100000| Untracked 
|  88|0x0000000087200000, 0x0000000087200000, 0x0000000087300000|  0%| F|  |TAMS 0x0000000087200000, 0x0000000087200000| Untracked 
|  89|0x0000000087300000, 0x0000000087300000, 0x0000000087400000|  0%| F|  |TAMS 0x0000000087300000, 0x0000000087300000| Untracked 
|  90|0x0000000087400000, 0x0000000087400000, 0x0000000087500000|  0%| F|  |TAMS 0x0000000087400000, 0x0000000087400000| Untracked 
|  91|0x0000000087500000, 0x0000000087500000, 0x0000000087600000|  0%| F|  |TAMS 0x0000000087500000, 0x0000000087500000| Untracked 
|  92|0x0000000087600000, 0x0000000087600000, 0x0000000087700000|  0%| F|  |TAMS 0x0000000087600000, 0x0000000087600000| Untracked 
|  93|0x0000000087700000, 0x0000000087700000, 0x0000000087800000|  0%| F|  |TAMS 0x0000000087700000, 0x0000000087700000| Untracked 
|  94|0x0000000087800000, 0x0000000087800000, 0x0000000087900000|  0%| F|  |TAMS 0x0000000087800000, 0x0000000087800000| Untracked 
|  95|0x0000000087900000, 0x0000000087900000, 0x0000000087a00000|  0%| F|  |TAMS 0x0000000087900000, 0x0000000087900000| Untracked 
|  96|0x0000000087a00000, 0x0000000087a00000, 0x0000000087b00000|  0%| F|  |TAMS 0x0000000087a00000, 0x0000000087a00000| Untracked 
|  97|0x0000000087b00000, 0x0000000087b00000, 0x0000000087c00000|  0%| F|  |TAMS 0x0000000087b00000, 0x0000000087b00000| Untracked 
|  98|0x0000000087c00000, 0x0000000087c00000, 0x0000000087d00000|  0%| F|  |TAMS 0x0000000087c00000, 0x0000000087c00000| Untracked 
|  99|0x0000000087d00000, 0x0000000087d00000, 0x0000000087e00000|  0%| F|  |TAMS 0x0000000087d00000, 0x0000000087d00000| Untracked 
| 100|0x0000000087e00000, 0x0000000087e00000, 0x0000000087f00000|  0%| F|  |TAMS 0x0000000087e00000, 0x0000000087e00000| Untracked 
| 101|0x0000000087f00000, 0x0000000087f00000, 0x0000000088000000|  0%| F|  |TAMS 0x0000000087f00000, 0x0000000087f00000| Untracked 
| 102|0x0000000088000000, 0x0000000088000000, 0x0000000088100000|  0%| F|  |TAMS 0x0000000088000000, 0x0000000088000000| Untracked 
| 103|0x0000000088100000, 0x0000000088100000, 0x0000000088200000|  0%| F|  |TAMS 0x0000000088100000, 0x0000000088100000| Untracked 
| 104|0x0000000088200000, 0x0000000088200000, 0x0000000088300000|  0%| F|  |TAMS 0x0000000088200000, 0x0000000088200000| Untracked 
| 105|0x0000000088300000, 0x0000000088300000, 0x0000000088400000|  0%| F|  |TAMS 0x0000000088300000, 0x0000000088300000| Untracked 
| 106|0x0000000088400000, 0x0000000088400000, 0x0000000088500000|  0%| F|  |TAMS 0x0000000088400000, 0x0000000088400000| Untracked 
| 107|0x0000000088500000, 0x0000000088500000, 0x0000000088600000|  0%| F|  |TAMS 0x0000000088500000, 0x0000000088500000| Untracked 
| 108|0x0000000088600000, 0x0000000088600000, 0x0000000088700000|  0%| F|  |TAMS 0x0000000088600000, 0x0000000088600000| Untracked 
| 109|0x0000000088700000, 0x0000000088700000, 0x0000000088800000|  0%| F|  |TAMS 0x0000000088700000, 0x0000000088700000| Untracked 
| 110|0x0000000088800000, 0x0000000088800000, 0x0000000088900000|  0%| F|  |TAMS 0x0000000088800000, 0x0000000088800000| Untracked 
| 111|0x0000000088900000, 0x0000000088900000, 0x0000000088a00000|  0%| F|  |TAMS 0x0000000088900000, 0x0000000088900000| Untracked 
| 112|0x0000000088a00000, 0x0000000088a00000, 0x0000000088b00000|  0%| F|  |TAMS 0x0000000088a00000, 0x0000000088a00000| Untracked 
| 113|0x0000000088b00000, 0x0000000088b00000, 0x0000000088c00000|  0%| F|  |TAMS 0x0000000088b00000, 0x0000000088b00000| Untracked 
| 114|0x0000000088c00000, 0x0000000088c00000, 0x0000000088d00000|  0%| F|  |TAMS 0x0000000088c00000, 0x0000000088c00000| Untracked 
| 115|0x0000000088d00000, 0x0000000088d00000, 0x0000000088e00000|  0%| F|  |TAMS 0x0000000088d00000, 0x0000000088d00000| Untracked 
| 116|0x0000000088e00000, 0x0000000088e00000, 0x0000000088f00000|  0%| F|  |TAMS 0x0000000088e00000, 0x0000000088e00000| Untracked 
| 117|0x0000000088f00000, 0x0000000088f00000, 0x0000000089000000|  0%| F|  |TAMS 0x0000000088f00000, 0x0000000088f00000| Untracked 
| 118|0x0000000089000000, 0x0000000089000000, 0x0000000089100000|  0%| F|  |TAMS 0x0000000089000000, 0x0000000089000000| Untracked 
| 119|0x0000000089100000, 0x0000000089100000, 0x0000000089200000|  0%| F|  |TAMS 0x0000000089100000, 0x0000000089100000| Untracked 
| 120|0x0000000089200000, 0x00000000892d7d30, 0x0000000089300000| 84%| E|  |TAMS 0x0000000089200000, 0x0000000089200000| Complete 
| 121|0x0000000089300000, 0x0000000089400000, 0x0000000089400000|100%| E|CS|TAMS 0x0000000089300000, 0x0000000089300000| Complete 
| 122|0x0000000089400000, 0x0000000089500000, 0x0000000089500000|100%| E|CS|TAMS 0x0000000089400000, 0x0000000089400000| Complete 
| 123|0x0000000089500000, 0x0000000089600000, 0x0000000089600000|100%| E|CS|TAMS 0x0000000089500000, 0x0000000089500000| Complete 
| 124|0x0000000089600000, 0x0000000089700000, 0x0000000089700000|100%| E|CS|TAMS 0x0000000089600000, 0x0000000089600000| Complete 
| 125|0x0000000089700000, 0x0000000089800000, 0x0000000089800000|100%| E|CS|TAMS 0x0000000089700000, 0x0000000089700000| Complete 
| 126|0x0000000089800000, 0x0000000089900000, 0x0000000089900000|100%| E|CS|TAMS 0x0000000089800000, 0x0000000089800000| Complete 
| 127|0x0000000089900000, 0x0000000089a00000, 0x0000000089a00000|100%| E|CS|TAMS 0x0000000089900000, 0x0000000089900000| Complete 

Card table byte_map: [0x0000023e18e50000,0x0000023e19250000] _byte_map_base: 0x0000023e18a43000

Marking Bits (Prev, Next): (CMBitMap*) 0x0000023e0147bb78, (CMBitMap*) 0x0000023e0147bbb0
 Prev Bits: [0x0000023e19650000, 0x0000023e1b5e8000)
 Next Bits: [0x0000023e1b5f0000, 0x0000023e1d588000)

Polling page: 0x0000023e7f1c0000

Metaspace:

Usage:
  Non-class:     11.19 MB capacity,    11.00 MB ( 98%) used,   172.77 KB (  2%) free+waste,    25.31 KB ( <1%) overhead. 
      Class:      1.30 MB capacity,     1.21 MB ( 93%) used,    83.09 KB (  6%) free+waste,    12.31 KB ( <1%) overhead. 
       Both:     12.50 MB capacity,    12.21 MB ( 98%) used,   255.86 KB (  2%) free+waste,    37.63 KB ( <1%) overhead. 

Virtual space:
  Non-class space:       12.00 MB reserved,      11.25 MB ( 94%) committed 
      Class space:        1.00 GB reserved,       1.38 MB ( <1%) committed 
             Both:        1.01 GB reserved,      12.63 MB (  1%) committed 

Chunk freelists:
   Non-Class:  57.00 KB
       Class:  11.00 KB
        Both:  68.00 KB

CodeHeap 'non-profiled nmethods': size=120064Kb used=204Kb max_used=204Kb free=119859Kb
 bounds [0x0000023e11510000, 0x0000023e11780000, 0x0000023e18a50000]
CodeHeap 'profiled nmethods': size=120000Kb used=1209Kb max_used=1209Kb free=118790Kb
 bounds [0x0000023e09fe0000, 0x0000023e0a250000, 0x0000023e11510000]
CodeHeap 'non-nmethods': size=5696Kb used=1108Kb max_used=1119Kb free=4587Kb
 bounds [0x0000023e09a50000, 0x0000023e09cc0000, 0x0000023e09fe0000]
 total_blobs=1309 nmethods=758 adapters=336
 compilation: enabled
              stopped_count=0, restarted_count=0
 full_count=0

Compilation events (10 events):
Event: 1.236 Thread 0x0000023e20422800  754       1       java.lang.Thread::getId (5 bytes)
Event: 1.236 Thread 0x0000023e20422800 nmethod 754 0x0000023e11542910 code [0x0000023e11542ac0, 0x0000023e11542bd8]
Event: 1.299 Thread 0x0000023e20422800  755       3       java.lang.Integer::<init> (10 bytes)
Event: 1.299 Thread 0x0000023e20422800 nmethod 755 0x0000023e0a10d610 code [0x0000023e0a10d7c0, 0x0000023e0a10d9d8]
Event: 1.548 Thread 0x0000023e1faae800  756       4       java.util.HashMap::put (13 bytes)
Event: 1.550 Thread 0x0000023e1faae800 nmethod 756 0x0000023e11542c90 code [0x0000023e11542e40, 0x0000023e11542f68]
Event: 1.564 Thread 0x0000023e20422800  757       3       java.lang.Long::valueOf (40 bytes)
Event: 1.564 Thread 0x0000023e20422800 nmethod 757 0x0000023e0a10da90 code [0x0000023e0a10dc60, 0x0000023e0a10dff8]
Event: 1.948 Thread 0x0000023e20422800  758       3       java.util.Arrays::equals (43 bytes)
Event: 1.948 Thread 0x0000023e20422800 nmethod 758 0x0000023e0a10e190 code [0x0000023e0a10e360, 0x0000023e0a10e670]

GC Heap History (0 events):
No events

Deoptimization events (8 events):
Event: 0.104 Thread 0x0000023e0143d000 Uncommon trap: trap_request=0xffffff4d fr.pc=0x0000023e11514e7c relative=0x00000000000001dc
Event: 0.104 Thread 0x0000023e0143d000 Uncommon trap: reason=unstable_if action=reinterpret pc=0x0000023e11514e7c method=java.lang.String.hashCode()I @ 14 c2
Event: 0.104 Thread 0x0000023e0143d000 DEOPT PACKING pc=0x0000023e11514e7c sp=0x00000092386fe070
Event: 0.104 Thread 0x0000023e0143d000 DEOPT UNPACKING pc=0x0000023e09a78f2f sp=0x00000092386fe008 mode 2
Event: 1.115 Thread 0x0000023e0143d000 Uncommon trap: trap_request=0xffffff4d fr.pc=0x0000023e1151a810 relative=0x0000000000000070
Event: 1.115 Thread 0x0000023e0143d000 Uncommon trap: reason=unstable_if action=reinterpret pc=0x0000023e1151a810 method=java.lang.String.isLatin1()Z @ 10 c2
Event: 1.115 Thread 0x0000023e0143d000 DEOPT PACKING pc=0x0000023e1151a810 sp=0x00000092386feef0
Event: 1.115 Thread 0x0000023e0143d000 DEOPT UNPACKING pc=0x0000023e09a78f2f sp=0x00000092386fee30 mode 2

Classes redefined (0 events):
No events

Internal exceptions (10 events):
Event: 0.508 Thread 0x0000023e0143d000 Exception <a 'java/lang/NoSuchMethodError'{0x00000000896daa98}: 'java.lang.Object java.lang.invoke.DirectMethodHandle$Holder.invokeStatic(java.lang.Object, java.lang.Object, java.lang.Object, java.lang.Object, java.lang.Object, java.lang.Object, java.lang
Event: 0.510 Thread 0x0000023e0143d000 Exception <a 'java/lang/NoSuchMethodError'{0x00000000896f91c8}: 'java.lang.Object java.lang.invoke.DirectMethodHandle$Holder.invokeStatic(java.lang.Object, java.lang.Object, java.lang.Object, java.lang.Object, java.lang.Object, java.lang.Object, java.lang
Event: 0.512 Thread 0x0000023e0143d000 Exception <a 'java/lang/NoSuchMethodError'{0x0000000089518aa8}: 'java.lang.Object java.lang.invoke.DirectMethodHandle$Holder.invokeStatic(java.lang.Object, java.lang.Object, java.lang.Object, java.lang.Object, java.lang.Object, java.lang.Object, java.lang
Event: 0.514 Thread 0x0000023e0143d000 Exception <a 'java/lang/NoSuchMethodError'{0x0000000089539540}: 'java.lang.Object java.lang.invoke.DirectMethodHandle$Holder.invokeStatic(java.lang.Object, java.lang.Object, java.lang.Object, java.lang.Object, java.lang.Object, java.lang.Object, java.lang
Event: 0.612 Thread 0x0000023e2063e800 Exception <a 'java/lang/VerifyError'{0x00000000893485e8}: Stack map does not match the one at exception handler 21
Exception Details:
  Location:
    org/netbeans/lib/profiler/ConstructorTest.<init>()V @21: astore_1
  Reason:
    Current frame's flags are
Event: 0.848 Thread 0x0000023e2063e800 Exception <a 'java/lang/NoSuchMethodError'{0x00000000893758a0}: 'java.lang.Object java.lang.invoke.DirectMethodHandle$Holder.invokeStatic(java.lang.Object, int, int, int, int)'> (0x00000000893758a0) thrown at [c:/cygwin64/tmp/openjdk-jdk11u-windows-x64-ho
Event: 0.848 Thread 0x0000023e2063e800 Exception <a 'java/lang/NoSuchMethodError'{0x00000000893789c8}: 'java.lang.Object java.lang.invoke.DirectMethodHandle$Holder.invokeStaticInit(java.lang.Object, int, int, int, int)'> (0x00000000893789c8) thrown at [c:/cygwin64/tmp/openjdk-jdk11u-windows-x6
Event: 0.898 Thread 0x0000023e2063e800 Exception <a 'java/lang/NoSuchMethodError'{0x000000008938fb58}: 'java.lang.Object java.lang.invoke.DirectMethodHandle$Holder.invokeStatic(java.lang.Object, java.lang.Object, int, int, int, int)'> (0x000000008938fb58) thrown at [c:/cygwin64/tmp/openjdk-jdk
Event: 0.898 Thread 0x0000023e2063e800 Exception <a 'java/lang/NoSuchMethodError'{0x00000000893dac78}: 'java.lang.Object java.lang.invoke.DirectMethodHandle$Holder.invokeStaticInit(java.lang.Object, java.lang.Object, int, int, int, int)'> (0x00000000893dac78) thrown at [c:/cygwin64/tmp/openjdk
Event: 1.130 Thread 0x0000023e0143d000 Exception <a 'java/lang/NoSuchMethodError'{0x000000008931bbe0}: 'int java.lang.invoke.DirectMethodHandle$Holder.invokeSpecialIFC(java.lang.Object, java.lang.Object, int)'> (0x000000008931bbe0) thrown at [c:/cygwin64/tmp/openjdk-jdk11u-windows-x64-hotspot/

Events (10 events):
Event: 1.908 Executing VM operation: GetAllStackTraces done
Event: 1.909 loading class org/netbeans/lib/profiler/wireprotocol/EventBufferDumpedCommand
Event: 1.909 loading class org/netbeans/lib/profiler/wireprotocol/EventBufferDumpedCommand done
Event: 1.923 Executing VM operation: GetAllStackTraces
Event: 1.923 Executing VM operation: GetAllStackTraces done
Event: 1.948 loading class org/netbeans/lib/profiler/wireprotocol/DumpResultsResponse
Event: 1.948 loading class org/netbeans/lib/profiler/wireprotocol/DumpResultsResponse done
Event: 1.952 loading class org/netbeans/lib/profiler/wireprotocol/GetMethodNamesForJMethodIdsCommand
Event: 1.953 loading class org/netbeans/lib/profiler/wireprotocol/GetMethodNamesForJMethodIdsCommand done
Event: 1.954 Executing VM operation: GetAllStackTraces


Dynamic libraries:
0x00007ff7538d0000 - 0x00007ff75391a000 	C:\Program Files\AdoptOpenJDK\jdk-11.0.4.11-hotspot\bin\java.exe
0x00007ff9766b0000 - 0x00007ff976891000 	C:\WINDOWS\SYSTEM32\ntdll.dll
0x00007ff975990000 - 0x00007ff975a41000 	C:\WINDOWS\System32\KERNEL32.DLL
0x00007ff9731a0000 - 0x00007ff973413000 	C:\WINDOWS\System32\KERNELBASE.dll
0x00007ff970aa0000 - 0x00007ff970b2b000 	C:\WINDOWS\SYSTEM32\apphelp.dll
0x00007ff9760b0000 - 0x00007ff976240000 	C:\WINDOWS\System32\USER32.dll
0x00007ff972ac0000 - 0x00007ff972ae0000 	C:\WINDOWS\System32\win32u.dll
0x00007ff973c40000 - 0x00007ff973c68000 	C:\WINDOWS\System32\GDI32.dll
0x00007ff972c00000 - 0x00007ff972d91000 	C:\WINDOWS\System32\gdi32full.dll
0x00007ff972ae0000 - 0x00007ff972b7f000 	C:\WINDOWS\System32\msvcp_win.dll
0x00007ff972da0000 - 0x00007ff972e98000 	C:\WINDOWS\System32\ucrtbase.dll
0x00007ff95f970000 - 0x00007ff95fbd9000 	C:\WINDOWS\WinSxS\amd64_microsoft.windows.common-controls_6595b64144ccf1df_6.0.17134.1067_none_d401a3eb7c8ebdea\COMCTL32.dll
0x00007ff973ca0000 - 0x00007ff973d3e000 	C:\WINDOWS\System32\msvcrt.dll
0x00007ff976350000 - 0x00007ff976671000 	C:\WINDOWS\System32\combase.dll
0x00007ff975ab0000 - 0x00007ff975bd4000 	C:\WINDOWS\System32\RPCRT4.dll
0x00007ff972b80000 - 0x00007ff972bf9000 	C:\WINDOWS\System32\bcryptPrimitives.dll
0x00007ff976310000 - 0x00007ff97633d000 	C:\WINDOWS\System32\IMM32.DLL
0x00007ff96f7d0000 - 0x00007ff96f7e6000 	C:\Program Files\AdoptOpenJDK\jdk-11.0.4.11-hotspot\bin\vcruntime140.dll
0x00007ff963080000 - 0x00007ff96311b000 	C:\Program Files\AdoptOpenJDK\jdk-11.0.4.11-hotspot\bin\msvcp140.dll
0x00007ff92a6c0000 - 0x00007ff92b176000 	C:\Program Files\AdoptOpenJDK\jdk-11.0.4.11-hotspot\bin\server\jvm.dll
0x00007ff973b30000 - 0x00007ff973bd1000 	C:\WINDOWS\System32\ADVAPI32.dll
0x00007ff973be0000 - 0x00007ff973c3b000 	C:\WINDOWS\System32\sechost.dll
0x00007ff976340000 - 0x00007ff976348000 	C:\WINDOWS\System32\PSAPI.DLL
0x00007ff965e00000 - 0x00007ff965e0a000 	C:\WINDOWS\SYSTEM32\VERSION.dll
0x00007ff96f600000 - 0x00007ff96f623000 	C:\WINDOWS\SYSTEM32\WINMM.dll
0x00007ff96f560000 - 0x00007ff96f58a000 	C:\WINDOWS\SYSTEM32\winmmbase.dll
0x00007ff972a70000 - 0x00007ff972ab9000 	C:\WINDOWS\System32\cfgmgr32.dll
0x00007ff96d5b0000 - 0x00007ff96d5b9000 	C:\WINDOWS\SYSTEM32\WSOCK32.dll
0x00007ff9740a0000 - 0x00007ff97410c000 	C:\WINDOWS\System32\WS2_32.dll
0x00007ff972a50000 - 0x00007ff972a61000 	C:\WINDOWS\System32\kernel.appcore.dll
0x00007ff96f8d0000 - 0x00007ff96f8e0000 	C:\Program Files\AdoptOpenJDK\jdk-11.0.4.11-hotspot\bin\verify.dll
0x00007ff963700000 - 0x00007ff9638c9000 	C:\WINDOWS\SYSTEM32\DBGHELP.DLL
0x00007ff9636d0000 - 0x00007ff9636f9000 	C:\WINDOWS\SYSTEM32\dbgcore.DLL
0x00007ff9699a0000 - 0x00007ff9699c8000 	C:\Program Files\AdoptOpenJDK\jdk-11.0.4.11-hotspot\bin\java.dll
0x00007ff970c20000 - 0x00007ff970c2f000 	C:\Program Files\NetBeans 11.0\profiler\lib\deployed\jdk16\windows-amd64\profilerinterface.dll
0x00007ff963520000 - 0x00007ff963536000 	C:\Program Files\AdoptOpenJDK\jdk-11.0.4.11-hotspot\bin\zip.dll
0x00007ff96c6a0000 - 0x00007ff96c6aa000 	C:\Program Files\AdoptOpenJDK\jdk-11.0.4.11-hotspot\bin\jimage.dll
0x00007ff974540000 - 0x00007ff975984000 	C:\WINDOWS\System32\SHELL32.dll
0x00007ff973d50000 - 0x00007ff973df9000 	C:\WINDOWS\System32\shcore.dll
0x00007ff973420000 - 0x00007ff973b30000 	C:\WINDOWS\System32\windows.storage.dll
0x00007ff9744e0000 - 0x00007ff974531000 	C:\WINDOWS\System32\shlwapi.dll
0x00007ff9729d0000 - 0x00007ff9729ef000 	C:\WINDOWS\System32\profapi.dll
0x00007ff9729f0000 - 0x00007ff972a3c000 	C:\WINDOWS\System32\powrprof.dll
0x00007ff972a40000 - 0x00007ff972a4a000 	C:\WINDOWS\System32\FLTLIB.DLL
0x00007ff9631e0000 - 0x00007ff9631f9000 	C:\Program Files\AdoptOpenJDK\jdk-11.0.4.11-hotspot\bin\net.dll
0x00007ff96c480000 - 0x00007ff96c64a000 	C:\WINDOWS\SYSTEM32\urlmon.dll
0x00007ff96af70000 - 0x00007ff96b04d000 	C:\WINDOWS\SYSTEM32\WINHTTP.dll
0x00007ff96acc0000 - 0x00007ff96af67000 	C:\WINDOWS\SYSTEM32\iertutil.dll
0x00007ff972400000 - 0x00007ff97240b000 	C:\WINDOWS\SYSTEM32\CRYPTBASE.DLL
0x00007ff972230000 - 0x00007ff972296000 	C:\WINDOWS\system32\mswsock.dll
0x00007ff9631c0000 - 0x00007ff9631d2000 	C:\Program Files\AdoptOpenJDK\jdk-11.0.4.11-hotspot\bin\nio.dll
0x00007ff9681c0000 - 0x00007ff9681c9000 	C:\Program Files\AdoptOpenJDK\jdk-11.0.4.11-hotspot\bin\management.dll
0x00007ff963670000 - 0x00007ff96367b000 	C:\Program Files\AdoptOpenJDK\jdk-11.0.4.11-hotspot\bin\management_ext.dll
0x00007ff9723e0000 - 0x00007ff9723f7000 	C:\WINDOWS\SYSTEM32\CRYPTSP.dll
0x00007ff971d80000 - 0x00007ff971db3000 	C:\WINDOWS\system32\rsaenh.dll
0x00007ff972510000 - 0x00007ff972535000 	C:\WINDOWS\SYSTEM32\bcrypt.dll
0x00007ff9728b0000 - 0x00007ff9728d8000 	C:\WINDOWS\SYSTEM32\USERENV.dll
0x00007ff971f20000 - 0x00007ff971f58000 	C:\WINDOWS\SYSTEM32\IPHLPAPI.DLL
0x00007ff973d40000 - 0x00007ff973d48000 	C:\WINDOWS\System32\NSI.dll
0x00007ff96d8f0000 - 0x00007ff96d906000 	C:\WINDOWS\SYSTEM32\dhcpcsvc6.DLL
0x00007ff96d8d0000 - 0x00007ff96d8ea000 	C:\WINDOWS\SYSTEM32\dhcpcsvc.DLL

dbghelp: loaded successfully - version: 4.0.5 - missing functions: none
symbol engine: initialized successfully - sym options: 0x614 - pdb path: .;C:\Program Files\AdoptOpenJDK\jdk-11.0.4.11-hotspot\bin;C:\WINDOWS\SYSTEM32;C:\WINDOWS\WinSxS\amd64_microsoft.windows.common-controls_6595b64144ccf1df_6.0.17134.1067_none_d401a3eb7c8ebdea;C:\Program Files\AdoptOpenJDK\jdk-11.0.4.11-hotspot\bin\server;C:\Program Files\NetBeans 11.0\profiler\lib\deployed\jdk16\windows-amd64

VM Arguments:
jvm_args: -Dfile.encoding=UTF-8 -agentpath:C:/Program Files/NetBeans 11.0/profiler/lib/deployed/jdk16/windows-amd64/profilerinterface.dll=C:\Program Files\NetBeans 11.0\profiler\lib,5140,10 -XX:+HeapDumpOnOutOfMemoryError -XX:HeapDumpPath=G:\proyectos personales\01-AdivinaElNumero\nbproject\private\profiler 
java_command: org.naka.java.main.Main
java_class_path (initial): G:\proyectos personales\01-AdivinaElNumero\build\classes
Launcher Type: SUN_STANDARD

[Global flags]
     intx CICompilerCount                          = 3                                         {product} {ergonomic}
     uint ConcGCThreads                            = 1                                         {product} {ergonomic}
     uint G1ConcRefinementThreads                  = 4                                         {product} {ergonomic}
   size_t G1HeapRegionSize                         = 1048576                                   {product} {ergonomic}
    uintx GCDrainStackTargetSize                   = 64                                        {product} {ergonomic}
     bool HeapDumpOnOutOfMemoryError               = true                                   {manageable} {command line}
    ccstr HeapDumpPath                             = G:\proyectos personales\01-AdivinaElNumero\nbproject\private\profiler         {manageable} {command line}
   size_t InitialHeapSize                          = 134217728                                 {product} {ergonomic}
   size_t MarkStackSize                            = 4194304                                   {product} {ergonomic}
   size_t MaxHeapSize                              = 2120220672                                {product} {ergonomic}
   size_t MaxNewSize                               = 1271922688                                {product} {ergonomic}
   size_t MinHeapDeltaBytes                        = 1048576                                   {product} {ergonomic}
    uintx NonNMethodCodeHeapSize                   = 5830092                                {pd product} {ergonomic}
    uintx NonProfiledCodeHeapSize                  = 122914074                              {pd product} {ergonomic}
    uintx ProfiledCodeHeapSize                     = 122914074                              {pd product} {ergonomic}
    uintx ReservedCodeCacheSize                    = 251658240                              {pd product} {ergonomic}
     bool SegmentedCodeCache                       = true                                      {product} {ergonomic}
     bool UseCompressedClassPointers               = true                                 {lp64_product} {ergonomic}
     bool UseCompressedOops                        = true                                 {lp64_product} {ergonomic}
     bool UseG1GC                                  = true                                      {product} {ergonomic}
     bool UseLargePagesIndividualAllocation        = false                                  {pd product} {ergonomic}

Logging:
Log output configuration:
 #0: stdout all=warning uptime,level,tags
 #1: stderr all=off uptime,level,tags

Environment Variables:
JAVA_HOME=C:\Program Files\AdoptOpenJDK\jdk-11.0.4.11-hotspot\
PATH=E:\ORACLE\product\11.2.0\dbhome_1\bin;C:\Program Files\AdoptOpenJDK\jdk-11.0.4.11-hotspot\bin;C:\Program Files (x86)\Common Files\Oracle\Java\javapath;C:\ProgramData\Oracle\Java\javapath;C:\WINDOWS\system32;C:\WINDOWS;C:\WINDOWS\System32\Wbem;C:\WINDOWS\System32\WindowsPowerShell\v1.0\;C:\Program Files\PuTTY\;C:\WINDOWS\System32\OpenSSH\;C:\Program Files\Git\cmd;C:\Users\CicloM\AppData\Local\Microsoft\WindowsApps;C:\Users\CicloM\AppData\Local\Programs\Microsoft VS Code\bin
USERNAME=CicloM
OS=Windows_NT
PROCESSOR_IDENTIFIER=Intel64 Family 6 Model 60 Stepping 3, GenuineIntel



---------------  S Y S T E M  ---------------

OS: Windows 10 , 64 bit Build 17134 (10.0.17134.753)

CPU:total 4 (initial active 4) (2 cores per cpu, 2 threads per core) family 6 model 60 stepping 3, cmov, cx8, fxsr, mmx, sse, sse2, sse3, ssse3, sse4.1, sse4.2, popcnt, avx, avx2, aes, clmul, erms, lzcnt, ht, tsc, tscinvbit, bmi1, bmi2, fma

Memory: 4k page, system-wide physical 8083M (3853M free)
TotalPageFile size 9363M (AvailPageFile size 4329M)
current process WorkingSet (physical memory assigned to process): 61M, peak: 61M
current process commit charge ("private bytes"): 215M, peak: 217M

vm_info: OpenJDK 64-Bit Server VM (11.0.4+11) for windows-amd64 JRE (11.0.4+11), built on Jul 18 2019 06:43:34 by "" with MS VC++ 15.8 (VS2017)

END.
